c:\users\adminuser.useradmin-pc\documents\visual studio 2015\projects\gameboy\gameboy\debug\gameboy.pch
c:\users\adminuser.useradmin-pc\documents\visual studio 2015\projects\gameboy\gameboy\debug\vc140.pdb
c:\users\adminuser.useradmin-pc\documents\visual studio 2015\projects\gameboy\gameboy\debug\vc140.idb
c:\users\adminuser.useradmin-pc\documents\visual studio 2015\projects\gameboy\gameboy\debug\gameboy.obj
c:\users\adminuser.useradmin-pc\documents\visual studio 2015\projects\gameboy\gameboy\debug\cartidge.obj
c:\users\adminuser.useradmin-pc\documents\visual studio 2015\projects\gameboy\gameboy\debug\cpu.obj
c:\users\adminuser.useradmin-pc\documents\visual studio 2015\projects\gameboy\gameboy\debug\defines.obj
c:\users\adminuser.useradmin-pc\documents\visual studio 2015\projects\gameboy\gameboy\debug\ppu.obj
c:\users\adminuser.useradmin-pc\documents\visual studio 2015\projects\gameboy\gameboy\debug\input.obj
c:\users\adminuser.useradmin-pc\documents\visual studio 2015\projects\gameboy\gameboy\debug\mmu.obj
c:\users\adminuser.useradmin-pc\documents\visual studio 2015\projects\gameboy\debug\gameboy.ilk
c:\users\adminuser.useradmin-pc\documents\visual studio 2015\projects\gameboy\debug\gameboy.exe
c:\users\adminuser.useradmin-pc\documents\visual studio 2015\projects\gameboy\debug\gameboy.pdb
c:\users\adminuser.useradmin-pc\documents\visual studio 2015\projects\gameboy\gameboy\debug\cartidge.obj.enc
c:\users\adminuser.useradmin-pc\documents\visual studio 2015\projects\gameboy\gameboy\debug\gameboy.obj.enc
c:\users\adminuser.useradmin-pc\documents\visual studio 2015\projects\gameboy\gameboy\debug\ppu.obj.enc
c:\users\adminuser.useradmin-pc\documents\visual studio 2015\projects\gameboy\gameboy\debug\gameboy.tlog\cl.command.1.tlog
c:\users\adminuser.useradmin-pc\documents\visual studio 2015\projects\gameboy\gameboy\debug\gameboy.tlog\cl.read.1.tlog
c:\users\adminuser.useradmin-pc\documents\visual studio 2015\projects\gameboy\gameboy\debug\gameboy.tlog\cl.write.1.tlog
c:\users\adminuser.useradmin-pc\documents\visual studio 2015\projects\gameboy\gameboy\debug\gameboy.tlog\link.command.1.tlog
c:\users\adminuser.useradmin-pc\documents\visual studio 2015\projects\gameboy\gameboy\debug\gameboy.tlog\link.read.1.tlog
c:\users\adminuser.useradmin-pc\documents\visual studio 2015\projects\gameboy\gameboy\debug\gameboy.tlog\link.write.1.tlog
