  GameBoy.cpp
  MMU.cpp
  Cartidge.cpp
c:\users\adminuser.useradmin-pc\documents\visual studio 2015\projects\gameboy\gameboy\cartidge.cpp(113): warning C4305: '=': truncation from 'int' to 'uint8'
c:\users\adminuser.useradmin-pc\documents\visual studio 2015\projects\gameboy\gameboy\cartidge.cpp(113): warning C4309: '=': truncation of constant value
c:\users\adminuser.useradmin-pc\documents\visual studio 2015\projects\gameboy\gameboy\cartidge.cpp(117): warning C4305: '=': truncation from 'int' to 'uint8'
c:\users\adminuser.useradmin-pc\documents\visual studio 2015\projects\gameboy\gameboy\cartidge.cpp(117): warning C4309: '=': truncation of constant value
c:\users\adminuser.useradmin-pc\documents\visual studio 2015\projects\gameboy\gameboy\cartidge.cpp(121): warning C4305: '=': truncation from 'int' to 'uint8'
c:\users\adminuser.useradmin-pc\documents\visual studio 2015\projects\gameboy\gameboy\cartidge.cpp(121): warning C4309: '=': truncation of constant value
c:\users\adminuser.useradmin-pc\documents\visual studio 2015\projects\gameboy\gameboy\cartidge.cpp(125): warning C4305: '=': truncation from 'int' to 'uint8'
c:\users\adminuser.useradmin-pc\documents\visual studio 2015\projects\gameboy\gameboy\cartidge.cpp(125): warning C4309: '=': truncation of constant value
c:\users\adminuser.useradmin-pc\documents\visual studio 2015\projects\gameboy\gameboy\cartidge.cpp(129): warning C4305: '=': truncation from 'int' to 'uint8'
c:\users\adminuser.useradmin-pc\documents\visual studio 2015\projects\gameboy\gameboy\cartidge.cpp(129): warning C4309: '=': truncation of constant value
  CPU.cpp
c:\users\adminuser.useradmin-pc\documents\visual studio 2015\projects\gameboy\gameboy\cpu.cpp(884): warning C4800: 'BOOL': forcing value to bool 'true' or 'false' (performance warning)
c:\users\adminuser.useradmin-pc\documents\visual studio 2015\projects\gameboy\gameboy\cpu.cpp(918): warning C4244: 'initializing': conversion from 'uint16' to 'uint8', possible loss of data
c:\users\adminuser.useradmin-pc\documents\visual studio 2015\projects\gameboy\gameboy\cpu.cpp(1029): warning C4554: '&': check operator precedence for possible error; use parentheses to clarify precedence
c:\users\adminuser.useradmin-pc\documents\visual studio 2015\projects\gameboy\gameboy\cpu.cpp(1161): warning C4554: '&': check operator precedence for possible error; use parentheses to clarify precedence
c:\users\adminuser.useradmin-pc\documents\visual studio 2015\projects\gameboy\gameboy\cpu.cpp(1454): warning C4244: 'argument': conversion from 'uint16' to 'uint8', possible loss of data
c:\users\adminuser.useradmin-pc\documents\visual studio 2015\projects\gameboy\gameboy\cpu.cpp(1505): warning C4554: '&': check operator precedence for possible error; use parentheses to clarify precedence
c:\users\adminuser.useradmin-pc\documents\visual studio 2015\projects\gameboy\gameboy\cpu.cpp(3276): warning C4244: 'initializing': conversion from 'uint16' to 'uint8', possible loss of data
c:\users\adminuser.useradmin-pc\documents\visual studio 2015\projects\gameboy\gameboy\cpu.cpp(3283): warning C4244: 'initializing': conversion from 'uint16' to 'uint8', possible loss of data
c:\users\adminuser.useradmin-pc\documents\visual studio 2015\projects\gameboy\gameboy\cpu.cpp(3290): warning C4244: 'initializing': conversion from 'uint16' to 'uint8', possible loss of data
c:\users\adminuser.useradmin-pc\documents\visual studio 2015\projects\gameboy\gameboy\cpu.cpp(3297): warning C4244: 'initializing': conversion from 'uint16' to 'uint8', possible loss of data
c:\users\adminuser.useradmin-pc\documents\visual studio 2015\projects\gameboy\gameboy\cpu.cpp(3304): warning C4244: 'initializing': conversion from 'uint16' to 'uint8', possible loss of data
c:\users\adminuser.useradmin-pc\documents\visual studio 2015\projects\gameboy\gameboy\cpu.cpp(3311): warning C4244: 'initializing': conversion from 'uint16' to 'uint8', possible loss of data
c:\users\adminuser.useradmin-pc\documents\visual studio 2015\projects\gameboy\gameboy\cpu.cpp(3318): warning C4244: 'initializing': conversion from 'uint16' to 'uint8', possible loss of data
c:\users\adminuser.useradmin-pc\documents\visual studio 2015\projects\gameboy\gameboy\cpu.cpp(3325): warning C4244: 'initializing': conversion from 'uint16' to 'uint8', possible loss of data
c:\users\adminuser.useradmin-pc\documents\visual studio 2015\projects\gameboy\gameboy\cpu.cpp(3394): warning C4244: 'initializing': conversion from 'uint16' to 'uint8', possible loss of data
c:\users\adminuser.useradmin-pc\documents\visual studio 2015\projects\gameboy\gameboy\cpu.cpp(3402): warning C4244: 'initializing': conversion from 'uint16' to 'uint8', possible loss of data
c:\users\adminuser.useradmin-pc\documents\visual studio 2015\projects\gameboy\gameboy\cpu.cpp(3410): warning C4244: 'initializing': conversion from 'uint16' to 'uint8', possible loss of data
c:\users\adminuser.useradmin-pc\documents\visual studio 2015\projects\gameboy\gameboy\cpu.cpp(3418): warning C4244: 'initializing': conversion from 'uint16' to 'uint8', possible loss of data
c:\users\adminuser.useradmin-pc\documents\visual studio 2015\projects\gameboy\gameboy\cpu.cpp(3426): warning C4244: 'initializing': conversion from 'uint16' to 'uint8', possible loss of data
c:\users\adminuser.useradmin-pc\documents\visual studio 2015\projects\gameboy\gameboy\cpu.cpp(3434): warning C4244: 'initializing': conversion from 'uint16' to 'uint8', possible loss of data
c:\users\adminuser.useradmin-pc\documents\visual studio 2015\projects\gameboy\gameboy\cpu.cpp(3442): warning C4244: 'initializing': conversion from 'uint16' to 'uint8', possible loss of data
c:\users\adminuser.useradmin-pc\documents\visual studio 2015\projects\gameboy\gameboy\cpu.cpp(3450): warning C4244: 'initializing': conversion from 'uint16' to 'uint8', possible loss of data
  Generating Code...
c:\users\adminuser.useradmin-pc\documents\visual studio 2015\projects\gameboy\gameboy\cpu.cpp(864): warning C4700: uninitialized local variable 'pc' used
  GameBoy.vcxproj -> C:\Users\AdminUser.UserAdmin-PC\Documents\Visual Studio 2015\Projects\GameBoy\Debug\GameBoy.exe
  GameBoy.vcxproj -> C:\Users\AdminUser.UserAdmin-PC\Documents\Visual Studio 2015\Projects\GameBoy\Debug\GameBoy.pdb (Full PDB)
